[1mHomework 1.[0m
[3mChapter 2. Binary image coding[0m
Images (assuming some viewing condition) and show the matrix and compression ratio.Consider a 16x16 binary image with the same number of black and white pixels inside (128 for each). What block pattern will make JBIG-1 encoder perform best? What will be the worst?

########
########
--------
--------

LEN=25

########
#######-
#-------
--------

LEN=25

########
#######-
-#------
--------

LEN=26

########
#####-#-
--#-----
#-------

LEN=27

########
#####---
--------
#--#-#--

LEN=28

########
##-#---#
#---#---
##------

LEN=24

########
-------#
-##-#--#
---##-#-

LEN=23

######-#
#-#--#-#
#--##---
#-#-----

LEN=29

######--
-##---##
#-##--##
--#-----

LEN=30

minimal encoded size is 23
maximal encoded size is 30
